<?xml version="1.0" encoding="UTF-8"?>
<!-- Generated by org.testng.reporters.JUnitReportReporter -->
<testsuite hostname="MSI" failures="0" tests="2" name="Test_001.Test_1" time="10.630" errors="0" timestamp="2022-05-25T07:54:28 IST" skipped="0">
  <testcase classname="Test_001.Test_1" name="login" time="0.528"/>
  <system-out/>
  <testcase classname="Test_001.Test_1" name="post_status" time="10.102"/>
  <system-out/>
</testsuite> <!-- Test_001.Test_1 -->
