<?xml version="1.0" encoding="UTF-8"?>
<!-- Generated by org.testng.reporters.JUnitReportReporter -->
<testsuite hostname="MSI" failures="0" tests="1" name="Test.Test_t" time="0.011" errors="0" timestamp="24 May 2022 05:39:25 GMT" skipped="0">
  <testcase classname="Test.Test_t" name="login" time="0.011"/>
</testsuite> <!-- Test.Test_t -->
