<?xml version="1.0" encoding="UTF-8"?>
<!-- Generated by org.testng.reporters.JUnitReportReporter -->
<testsuite hostname="MSI" failures="0" tests="1" name="Drivers.Driver_d" time="5.224" errors="0" timestamp="2022-05-24T11:31:53 IST" skipped="0">
  <testcase classname="Drivers.Driver_d" name="Driver_d" time="5.224"/>
  <system-out/>
</testsuite> <!-- Drivers.Driver_d -->
